   1               	# 1 "rn42/suart.S"
   1               	;---------------------------------------------------------------------------;
   0               	
   0               	
   1               	/*
   2               	; Software implemented UART module                                          ;
   3               	; (C)ChaN, 2005 (http://elm-chan.org/)                                      ;
   4               	;---------------------------------------------------------------------------;
   5               	; Bit rate settings:
   6               	;
   7               	;            1MHz  2MHz  4MHz  6MHz  8MHz  10MHz  12MHz  16MHz  20MHz
   8               	;   2.4kbps   138     -     -     -     -      -      -      -      -
   9               	;   4.8kbps    68   138     -     -     -      -      -      -      -
  10               	;   9.6kbps    33    68   138   208     -      -      -      -      -
  11               	;  19.2kbps     -    33    68   102   138    173    208      -      -
  12               	;  38.4kbps     -     -    33    50    68     85    102    138    172
  13               	;  57.6kbps     -     -    21    33    44     56     68     91    114
  14               	; 115.2kbps     -     -     -     -    21     27     33     44     56
  15               	
  18               	.list
  19               	
  20               	#define	BPS	44 	/* Bit delay. (see above table) */
  21               	#define	BIDIR	0	/* 0:Separated Tx/Rx, 1:Shared Tx/Rx */
  22               	
  23               	#define	OUT_1		sbi _SFR_IO_ADDR(SUART_OUT_PORT), SUART_OUT_BIT	/* Output 1 */
  24               	#define	OUT_0		cbi _SFR_IO_ADDR(SUART_OUT_PORT), SUART_OUT_BIT	/* Output 0 */
  25               	#define	SKIP_IN_1	sbis _SFR_IO_ADDR(SUART_IN_PIN), SUART_IN_BIT	/* Skip if 1 */
  26               	#define	SKIP_IN_0	sbic _SFR_IO_ADDR(SUART_IN_PIN), SUART_IN_BIT	/* Skip if 0 */
  27               	
  28               	
  29               	
  30               	#ifdef SPM_PAGESIZE
  31               	.macro	_LPMI	reg
  32               		lpm	\reg, Z+
  33               	.endm
  34               	.macro	_MOVW	dh,dl, sh,sl
  35               		movw	\dl, \sl
  36               	.endm
  37               	#else
  38               	.macro	_LPMI	reg
  39               		lpm
  40               		mov	\reg, r0
  41               		adiw	ZL, 1
  42               	.endm
  43               	.macro	_MOVW	dh,dl, sh,sl
  44               		mov	\dl, \sl
  45               		mov	\dh, \sh
  46               	.endm
  47               	#endif
  48               	
  49               	
  50               	
  51               	;---------------------------------------------------------------------------;
  52               	; Transmit a byte in serial format of N81
  53               	;
  54               	;Prototype: void xmit (uint8_t data);
  55               	;Size: 16 words
  56               	
  57               	.global xmit
  58               	.func xmit
  59               	xmit:
  60               	#if BIDIR
  61               		ldi	r23, BPS-1	;Pre-idle time for bidirectional data line
  62               	5:	dec	r23     	;
  63               		brne	5b		;/
  64               	#endif
  65:rn42/suart.S  **** 	in	r0, _SFR_IO_ADDR(SREG)	;Save flags
  66               	
  67:rn42/suart.S  **** 	com	r24		;C = start bit
  68:rn42/suart.S  **** 	ldi	r25, 10		;Bit counter
  69:rn42/suart.S  **** 	cli			;Start critical section
  70               	
  71:rn42/suart.S  **** 1:	ldi	r23, BPS-1	;----- Bit transferring loop 
  72:rn42/suart.S  **** 2:	dec	r23     	;Wait for a bit time
  73:rn42/suart.S  **** 	brne	2b		;/
  74:rn42/suart.S  **** 	brcs	3f		;MISO = bit to be sent
  75:rn42/suart.S  **** 	OUT_1			;
  76:rn42/suart.S  **** 3:	brcc	4f		;
  77:rn42/suart.S  **** 	OUT_0			;/
  78:rn42/suart.S  **** 4:	lsr	r24     	;Get next bit into C
  79:rn42/suart.S  **** 	dec	r25     	;All bits sent?
  80:rn42/suart.S  **** 	brne	1b	     	;  no, coutinue
  81               	
  82:rn42/suart.S  **** 	out	_SFR_IO_ADDR(SREG), r0	;End of critical section
  83:rn42/suart.S  **** 	ret
  84               	.endfunc
  85               	
  86               	
  87               	
  88               	;---------------------------------------------------------------------------;
  89               	; Receive a byte
  90               	;
  91               	;Prototype: uint8_t rcvr (void);
  92               	;Size: 19 words
  93               	
  94               	.global rcvr
  95               	.func rcvr
  96               	rcvr:
  97:rn42/suart.S  **** 	in	r0, _SFR_IO_ADDR(SREG)	;Save flags
  98               	
  99:rn42/suart.S  **** 	ldi	r24, 0x80	;Receiving shift reg
 100:rn42/suart.S  **** 	cli			;Start critical section
 101               	
 102:rn42/suart.S  **** 1:	SKIP_IN_1		;Wait for idle
 103:rn42/suart.S  **** 	rjmp	1b
 104:rn42/suart.S  **** 2:	SKIP_IN_0		;Wait for start bit
 105:rn42/suart.S  **** 	rjmp	2b
 106:rn42/suart.S  **** 	ldi	r25, BPS/2	;Wait for half bit time
 107:rn42/suart.S  **** 3:	dec	r25
 108:rn42/suart.S  **** 	brne	3b
 109               	
 110:rn42/suart.S  **** 4:	ldi	r25, BPS	;----- Bit receiving loop
 111:rn42/suart.S  **** 5:	dec	r25     	;Wait for a bit time
 112:rn42/suart.S  **** 	brne	5b		;/
 113:rn42/suart.S  **** 	lsr	r24     	;Next bit
 114:rn42/suart.S  **** 	SKIP_IN_0		;Get a data bit into r24.7
 115:rn42/suart.S  **** 	ori	r24, 0x80
 116:rn42/suart.S  **** 	brcc	4b	     	;All bits received?  no, continue
 117               	
 118:rn42/suart.S  **** 	out	_SFR_IO_ADDR(SREG), r0	;End of critical section
 119:rn42/suart.S  **** 	ret
 120               	.endfunc
 121               	
 122               	
 123               	; Not wait for start bit. This should be called after detecting start bit.
 124               	.global recv
 125               	.func recv
 126               	recv:
 127:rn42/suart.S  **** 	in	r0, _SFR_IO_ADDR(SREG)	;Save flags
 128               	
 129:rn42/suart.S  **** 	ldi	r24, 0x80	;Receiving shift reg
 130:rn42/suart.S  **** 	cli			;Start critical section
 131               	
 132               	;1:	SKIP_IN_1		;Wait for idle
 133               	;	rjmp	1b
 134               	;2:	SKIP_IN_0		;Wait for start bit
 135               	;	rjmp	2b
 136:rn42/suart.S  **** 	ldi	r25, BPS/2	;Wait for half bit time
 137:rn42/suart.S  **** 3:	dec	r25
 138:rn42/suart.S  **** 	brne	3b
 139               	
 140:rn42/suart.S  **** 4:	ldi	r25, BPS	;----- Bit receiving loop
 141:rn42/suart.S  **** 5:	dec	r25     	;Wait for a bit time
 142:rn42/suart.S  **** 	brne	5b		;/
 143:rn42/suart.S  **** 	lsr	r24     	;Next bit
 144:rn42/suart.S  **** 	SKIP_IN_0		;Get a data bit into r24.7
 145:rn42/suart.S  **** 	ori	r24, 0x80
 146:rn42/suart.S  **** 	brcc	4b	     	;All bits received?  no, continue
 147               	
 148:rn42/suart.S  **** 	ldi	r25, BPS/2	;Wait for half bit time
 149:rn42/suart.S  **** 6:	dec	r25
 150:rn42/suart.S  **** 	brne	6b
 151:rn42/suart.S  **** 7:	SKIP_IN_1		;Wait for stop bit
 152:rn42/suart.S  **** 	rjmp	7b
 153               	
 154:rn42/suart.S  **** 	out	_SFR_IO_ADDR(SREG), r0	;End of critical section
 155:rn42/suart.S  **** 	ret
 156               	.endfunc
DEFINED SYMBOLS
        rn42/suart.S:59     .text:0000000000000000 xmit
        rn42/suart.S:96     .text:0000000000000020 rcvr
        rn42/suart.S:126    .text:0000000000000046 recv

NO UNDEFINED SYMBOLS
